Build started 9/29/2015 6:50:49 PM.
     1>Project "C:\Users\JK035695\sept29\project\project\project.vcxproj" on node 2 (Build target(s)).
     1>ClCompile:
         C:\Program Files (x86)\Microsoft Visual Studio 12.0\VC\bin\CL.exe /c /I"C:\Program Files (x86)\Visual Leak Detector\include" /ZI /nologo /W3 /WX- /sdl /Od /Oy- /D _MBCS /Gm /EHsc /RTC1 /MDd /GS /fp:precise /Zc:wchar_t /Zc:forScope /Fo"Debug\\" /Fd"Debug\vc120.pdb" /Gd /TP /analyze- /errorReport:prompt Source.cpp
         Source.cpp
       Link:
         C:\Program Files (x86)\Microsoft Visual Studio 12.0\VC\bin\link.exe /ERRORREPORT:PROMPT /OUT:"C:\Users\JK035695\sept29\project\Debug\project.exe" /INCREMENTAL /NOLOGO /LIBPATH:"C:\Program Files (x86)\Visual Leak Detector\lib\Win32" kernel32.lib user32.lib gdi32.lib winspool.lib comdlg32.lib advapi32.lib shell32.lib ole32.lib oleaut32.lib uuid.lib odbc32.lib odbccp32.lib /MANIFEST /MANIFESTUAC:"level='asInvoker' uiAccess='false'" /manifest:embed /DEBUG /PDB:"C:\Users\JK035695\sept29\project\Debug\project.pdb" /TLBID:1 /DYNAMICBASE /NXCOMPAT /IMPLIB:"C:\Users\JK035695\sept29\project\Debug\project.lib" /MACHINE:X86 Debug\Source.obj
         project.vcxproj -> C:\Users\JK035695\sept29\project\Debug\project.exe
       PostBuildEvent:
         IF EXIST .\Debug\*.lib COPY .\Debug\*.lib W:\solution_test\winintel\lib &
         IF EXIST .\Debug\*.dll COPY .\Debug\*.dll W:\solution_test\winintel &
         IF EXIST .\Debug\*.exe COPY .\Debug\*.exe W:\solution_test\winintel &
         IF EXIST .\Debug\*.dll COPY .\Debug\*.dll "C:\Program Files\Cerner" &
         IF EXIST .\Debug\*.exe COPY .\Debug\*.exe "C:\Program Files\Cerner" &
         IF EXIST .\Debug\*.pdb COPY .\Debug\*.pdb "C:\Program Files\Cerner"
         
         :VCEnd
         .\Debug\vc120.pdb
                 1 file(s) copied.
     1>Done Building Project "C:\Users\JK035695\sept29\project\project\project.vcxproj" (Build target(s)).

Build succeeded.

Time Elapsed 00:00:03.68
